This is pdfTeX, Version 3.14159265-2.6-1.40.20 (TeX Live 2019) (preloaded format=pdflatex 2019.5.8)  31 OCT 2020 21:39
entering extended mode
 restricted \write18 enabled.
 file:line:error style messages enabled.
 %&-line parsing enabled.
**lecture-challenges.tex
(./lecture-challenges.tex
LaTeX2e <2018-12-01>
(./jhuslides3C.cls

LaTeX Warning: You have requested document class `jhuslides3C',
               but the document class provides `infslides'.

Document Class: infslides 2000/11/28 v2.1.1 Informatics Presentation Slides Cla
ss - MEF
(/usr/local/texlive/2019/texmf-dist/tex/latex/base/ifthen.sty
Package: ifthen 2014/09/29 v1.1c Standard LaTeX ifthen package (DPC)
) (./foils.cls
Document Class: foils 2008/01/28 v2.1.4b FoilTeX Class File, Copyright IBM 1995
,1997,1998,2002,2008

Class FoilTeX Warning: Option 'dvips' is ignored when running pdflatex.

(./fltfonts.def
File: fltfonts.def 2008/01/28 v2.1.4b FoilTeX font definition file, Copyright I
BM 1995,1997,1998,2002,2008
\symflasy=\mathgroup4
LaTeX Info: Redefining \em on input line 243.
LaTeX Font Info:    Overwriting symbol font `operators' in version `normal'
(Font)                  OT1/cmr/m/n --> OT1/fcmr/m/n on input line 245.
LaTeX Font Info:    Overwriting symbol font `letters' in version `normal'
(Font)                  OML/cmm/m/it --> OML/fcmm/m/it on input line 246.
LaTeX Font Info:    Overwriting symbol font `symbols' in version `normal'
(Font)                  OMS/cmsy/m/n --> OMS/fcmsy/m/n on input line 247.
LaTeX Font Info:    Overwriting symbol font `largesymbols' in version `normal'
(Font)                  OMX/cmex/m/n --> OMX/fcmex/m/n on input line 248.
LaTeX Font Info:    Overwriting symbol font `operators' in version `bold'
(Font)                  OT1/cmr/bx/n --> OT1/fcmr/bx/n on input line 249.
LaTeX Font Info:    Overwriting symbol font `letters' in version `bold'
(Font)                  OML/cmm/b/it --> OML/fcmm/b/it on input line 250.
LaTeX Font Info:    Overwriting symbol font `symbols' in version `bold'
(Font)                  OMS/cmsy/b/n --> OMS/fcmsy/b/n on input line 251.
LaTeX Font Info:    Overwriting symbol font `largesymbols' in version `bold'
(Font)                  OMX/cmex/m/n --> OMX/fcmex/m/n on input line 252.
LaTeX Font Info:    Redeclaring math alphabet \mathrm on input line 253.
LaTeX Font Info:    Redeclaring math alphabet \mathbf on input line 254.
LaTeX Font Info:    Overwriting math alphabet `\mathbf' in version `normal'
(Font)                  OT1/cmr/bx/n --> OT1/fcmr/bx/n on input line 254.
LaTeX Font Info:    Overwriting math alphabet `\mathbf' in version `bold'
(Font)                  OT1/cmr/bx/n --> OT1/fcmr/bx/n on input line 254.
LaTeX Font Info:    Redeclaring math alphabet \mathsf on input line 255.
LaTeX Font Info:    Overwriting math alphabet `\mathsf' in version `normal'
(Font)                  OT1/cmss/m/n --> OT1/fcmss/m/n on input line 255.
LaTeX Font Info:    Overwriting math alphabet `\mathsf' in version `bold'
(Font)                  OT1/cmss/bx/n --> OT1/fcmss/m/n on input line 255.
LaTeX Font Info:    Redeclaring math alphabet \mathit on input line 256.
LaTeX Font Info:    Overwriting math alphabet `\mathit' in version `normal'
(Font)                  OT1/cmr/m/it --> OT1/fcmr/m/it on input line 256.
LaTeX Font Info:    Overwriting math alphabet `\mathit' in version `bold'
(Font)                  OT1/cmr/bx/it --> OT1/fcmr/m/it on input line 256.
LaTeX Font Info:    Redeclaring math alphabet \mathtt on input line 257.
LaTeX Font Info:    Overwriting math alphabet `\mathtt' in version `normal'
(Font)                  OT1/cmtt/m/n --> OT1/fcmtt/m/n on input line 257.
LaTeX Font Info:    Overwriting math alphabet `\mathtt' in version `bold'
(Font)                  OT1/cmtt/m/n --> OT1/fcmtt/m/n on input line 257.
LaTeX Info: Redefining \cal on input line 258.
LaTeX Info: Redefining \mit on input line 259.
) (./foil20.clo
File: foil20.clo 2008/01/28 v2.1.4b FoilTeX file (size option), Copyright IBM 1
995,1997,1998,2002,2008
)
\head@footskip=\dimen102
\@foilheight=\dimen103
\@foilwidth=\dimen104
\abovetitleskip=\skip41
\titleauthorskip=\skip42
\authorauthorskip=\skip43
\authordateskip=\skip44
\dateabstractskip=\skip45
\@tempfootbox=\box27
\@tempfootht=\dimen105
\bibindent=\dimen106
\abovecaptionskip=\skip46
\belowcaptionskip=\skip47
\@captionwidth=\skip48
\captionwidth=\skip49
\abovefloatskip=\skip50
\c@table=\count80
\c@figure=\count81
\foilheadskip=\skip51
\c@Theorem=\count82
\c@Lemma=\count83
\c@Corollary=\count84
\c@Proposition=\count85
\c@Definition=\count86
)
(/usr/local/texlive/2019/texmf-dist/tex/latex/graphics/graphics.sty
Package: graphics 2017/06/25 v1.2c Standard LaTeX Graphics (DPC,SPQR)

(/usr/local/texlive/2019/texmf-dist/tex/latex/graphics/trig.sty
Package: trig 2016/01/03 v1.10 sin cos tan (DPC)
)
(/usr/local/texlive/2019/texmf-dist/tex/latex/graphics-cfg/graphics.cfg
File: graphics.cfg 2016/06/04 v1.11 sample graphics configuration
)
Package graphics Info: Driver file: pdftex.def on input line 99.

(/usr/local/texlive/2019/texmf-dist/tex/latex/graphics-def/pdftex.def
File: pdftex.def 2018/01/08 v1.0l Graphics/color driver for pdftex
))
(/usr/local/texlive/2019/texmf-dist/tex/latex/graphics/color.sty
Package: color 2016/07/10 v1.1e Standard LaTeX Color (DPC)

(/usr/local/texlive/2019/texmf-dist/tex/latex/graphics-cfg/color.cfg
File: color.cfg 2016/01/02 v1.6 sample color configuration
)
Package color Info: Driver file: pdftex.def on input line 147.
)
\c@section=\count87
\c@subsection=\count88
\c@subsubsection=\count89
\c@paragraph=\count90
\c@subparagraph=\count91
\foiltitleskip=\skip52
)
(/usr/local/texlive/2019/texmf-dist/tex/latex/url/url.sty
\Urlmuskip=\muskip10
Package: url 2013/09/16  ver 3.4  Verb mode for urls, etc.
)
(/usr/local/texlive/2019/texmf-dist/tex/latex/amsmath/amsmath.sty
Package: amsmath 2018/12/01 v2.17b AMS math features
\@mathmargin=\skip53

For additional information on amsmath, use the `?' option.
(/usr/local/texlive/2019/texmf-dist/tex/latex/amsmath/amstext.sty
Package: amstext 2000/06/29 v2.01 AMS text

(/usr/local/texlive/2019/texmf-dist/tex/latex/amsmath/amsgen.sty
File: amsgen.sty 1999/11/30 v2.0 generic functions
\@emptytoks=\toks14
\ex@=\dimen107
))
(/usr/local/texlive/2019/texmf-dist/tex/latex/amsmath/amsbsy.sty
Package: amsbsy 1999/11/29 v1.2d Bold Symbols
\pmbraise@=\dimen108
)
(/usr/local/texlive/2019/texmf-dist/tex/latex/amsmath/amsopn.sty
Package: amsopn 2016/03/08 v2.02 operator names
)
\inf@bad=\count92
LaTeX Info: Redefining \frac on input line 223.
\uproot@=\count93
\leftroot@=\count94
LaTeX Info: Redefining \overline on input line 385.
\classnum@=\count95
\DOTSCASE@=\count96
LaTeX Info: Redefining \ldots on input line 482.
LaTeX Info: Redefining \dots on input line 485.
LaTeX Info: Redefining \cdots on input line 606.
\Mathstrutbox@=\box28
\strutbox@=\box29
\big@size=\dimen109
LaTeX Font Info:    Redeclaring font encoding OML on input line 729.
LaTeX Font Info:    Redeclaring font encoding OMS on input line 730.
\macc@depth=\count97
\c@MaxMatrixCols=\count98
\dotsspace@=\muskip11
\c@parentequation=\count99
\dspbrk@lvl=\count100
\tag@help=\toks15
\row@=\count101
\column@=\count102
\maxfields@=\count103
\andhelp@=\toks16
\eqnshift@=\dimen110
\alignsep@=\dimen111
\tagshift@=\dimen112
\tagwidth@=\dimen113
\totwidth@=\dimen114
\lineht@=\dimen115
\@envbody=\toks17
\multlinegap=\skip54
\multlinetaggap=\skip55
\mathdisplay@stack=\toks18
LaTeX Info: Redefining \[ on input line 2844.
LaTeX Info: Redefining \] on input line 2845.
)
(/usr/local/texlive/2019/texmf-dist/tex/latex/graphics/graphicx.sty
Package: graphicx 2017/06/01 v1.1a Enhanced LaTeX Graphics (DPC,SPQR)

(/usr/local/texlive/2019/texmf-dist/tex/latex/graphics/keyval.sty
Package: keyval 2014/10/28 v1.15 key=value parser (DPC)
\KV@toks@=\toks19
)
\Gin@req@height=\dimen116
\Gin@req@width=\dimen117
)
(/usr/local/texlive/2019/texmf-dist/tex/latex/colortbl/colortbl.sty
Package: colortbl 2018/12/12 v1.0d Color table columns (DPC)

(/usr/local/texlive/2019/texmf-dist/tex/latex/tools/array.sty
Package: array 2018/12/30 v2.4k Tabular extension package (FMi)
\col@sep=\dimen118
\ar@mcellbox=\box30
\extrarowheight=\dimen119
\NC@list=\toks20
\extratabsurround=\skip56
\backup@length=\skip57
\ar@cellbox=\box31
)
\everycr=\toks21
\minrowclearance=\skip58
)
(/usr/local/texlive/2019/texmf-dist/tex/latex/eepic/epic.sty
Enhancements to Picture Environment. Version 1.2 - Released June 1, 1986
\@@multicnt=\count104
\d@lta=\count105
\@delta=\dimen120
\@@delta=\dimen121
\@gridcnt=\count106
\@joinkind=\count107
\@dotgap=\dimen122
\@ddotgap=\dimen123
\@x@diff=\count108
\@y@diff=\count109
\x@diff=\dimen124
\y@diff=\dimen125
\@dotbox=\box32
\num@segments=\count110
\num@segmentsi=\count111
\@datafile=\read1
) (./ecltree.sty
ECL Tree graph macro by isozaki, Nov. 12, 1990 + 2e FIX
\@BundleWidth=\dimen126
\@BundleDepth=\dimen127
\@BundleHeight=\dimen128
\@NodeBox=\box33
\GapDepth=\dimen129
\GapWidth=\dimen130
\EdgeLabelSep=\dimen131
) (./qtree.sty
Package: 2008/12/12 v.3.1bQtree: tree-drawing for linguistics
Package: qtree 2008/12/12 v.3.1bQtree: tree-drawing for linguistics
(/usr/local/texlive/2019/texmf-dist/tex/latex/pict2e/pict2e.sty
Package: pict2e 2016/02/05 v0.3b Improved picture commands (HjG,RN,JT)

(/usr/local/texlive/2019/texmf-dist/tex/latex/pict2e/pict2e.cfg
File: pict2e.cfg 2016/02/05 v0.1u pict2e configuration for teTeX/TeXLive
)
Package pict2e Info: Driver file: pdftex.def on input line 119.
Package pict2e Info: Driver file for pict2e: p2e-pdftex.def on input line 121.

(/usr/local/texlive/2019/texmf-dist/tex/latex/pict2e/p2e-pdftex.def
File: p2e-pdftex.def 2016/02/05 v0.1u Driver-dependant file (RN,HjG,JT)
)
\pIIe@GRAPH=\toks22
\@arclen=\dimen132
\@arcrad=\dimen133
\@tempdimd=\dimen134
)
\c@treecount=\count112
\c@branchcount=\count113
\parentbox=\box34
\treebox=\box35
\treeboxone=\box36
\treeboxtwo=\box37
\treeboxthree=\box38
\treeboxfour=\box39
\treeboxfive=\box40
\treeboxsix=\box41
\treeboxseven=\box42
\treeboxeight=\box43
\treeboxnine=\box44
\treeboxten=\box45
\treeboxeleven=\box46
\treeboxtwelve=\box47
\treeboxthirteen=\box48
\treeboxfourteen=\box49
\treeboxfifteen=\box50
\treeboxsixteen=\box51
\treeboxseventeen=\box52
\treeboxeighteen=\box53
\treeboxnineteen=\box54
\treeboxtwenty=\box55
\treeoffsetone=\skip59
\treeoffsettwo=\skip60
\treeoffsetthree=\skip61
\treeoffsetfour=\skip62
\treeoffsetfive=\skip63
\treeoffsetsix=\skip64
\treeoffsetseven=\skip65
\treeoffseteight=\skip66
\treeoffsetnine=\skip67
\treeoffsetten=\skip68
\treeoffseteleven=\skip69
\treeoffsettwelve=\skip70
\treeoffsetthirteen=\skip71
\treeoffsetfourteen=\skip72
\treeoffsetfifteen=\skip73
\treeoffsetsixteen=\skip74
\treeoffsetseventeen=\skip75
\treeoffseteighteen=\skip76
\treeoffsetnineteen=\skip77
\treeoffsettwenty=\skip78
\treeshiftone=\skip79
\treeshifttwo=\skip80
\treeshiftthree=\skip81
\treeshiftfour=\skip82
\treeshiftfive=\skip83
\treeshiftsix=\skip84
\treeshiftseven=\skip85
\treeshifteight=\skip86
\treeshiftnine=\skip87
\treeshiftten=\skip88
\treeshifteleven=\skip89
\treeshifttwelve=\skip90
\treeshiftthirteen=\skip91
\treeshiftfourteen=\skip92
\treeshiftfifteen=\skip93
\treeshiftsixteen=\skip94
\treeshiftseventeen=\skip95
\treeshifteighteen=\skip96
\treeshiftnineteen=\skip97
\treeshifttwenty=\skip98
\treewidthone=\skip99
\treewidthtwo=\skip100
\treewidththree=\skip101
\treewidthfour=\skip102
\treewidthfive=\skip103
\treewidthsix=\skip104
\treewidthseven=\skip105
\treewidtheight=\skip106
\treewidthnine=\skip107
\treewidthten=\skip108
\treewidtheleven=\skip109
\treewidthtwelve=\skip110
\treewidththirteen=\skip111
\treewidthfourteen=\skip112
\treewidthfifteen=\skip113
\treewidthsixteen=\skip114
\treewidthseventeen=\skip115
\treewidtheighteen=\skip116
\treewidthnineteen=\skip117
\treewidthtwenty=\skip118
\daughteroffsetone=\skip119
\daughteroffsettwo=\skip120
\daughteroffsetthree=\skip121
\daughteroffsetfour=\skip122
\branchwidthone=\skip123
\branchwidthtwo=\skip124
\branchwidththree=\skip125
\branchwidthfour=\skip126
\parentoffset=\skip127
\treeoffset=\skip128
\daughteroffset=\skip129
\branchwidth=\skip130
\parentwidth=\skip131
\treewidth=\skip132
\qta=\toks23
\qtb=\toks24
\nbranches=\count114
\qroofx=\count115
\qroofy=\count116
\@qrscratchbox=\box56
)
(./eclbip.sty
ECL Bipartite graph style file by isozaki Dec.2, 1990
\bip@len=\dimen135
\bip@box=\box57
) (/usr/local/texlive/2019/texmf-dist/tex/latex/fancybox/fancybox.sty
Package: fancybox 2010/05/15 1.4

Style option: `fancybox' v1.4 <2010/05/15> (tvz)
\@fancybox=\box58
\shadowsize=\dimen136
\@Sbox=\box59
\do@VerbBox=\toks25
\the@fancyput=\toks26
\this@fancyput=\toks27
\EndVerbatimTokens=\toks28
\Verbatim@Outfile=\write3
\Verbatim@Infile=\read2
) (./pause.sty)
(/usr/local/texlive/2019/texmf-dist/tex/latex/textpos/textpos.sty
Package: textpos 2019/04/15 v1.9.1

Package: textpos 2019/04/15 1.9.1, absolute positioning of text on the page
(/usr/local/texlive/2019/texmf-dist/tex/latex/ms/everyshi.sty
Package: everyshi 2001/05/15 v3.00 EveryShipout Package (MS)
)
\TP@textbox=\box60
\TP@holdbox=\box61
\TPHorizModule=\dimen137
\TPVertModule=\dimen138
\TP@margin=\dimen139
\TP@absmargin=\dimen140

Grid set 16 x 16 = 52.81541pt x 37.34424pt
\TPboxrulesize=\dimen141
\TP@ox=\dimen142
\TP@oy=\dimen143
\TP@tbargs=\toks29
\TP@prevdepth=\dimen144
TextBlockOrigin set to 0pt x 0pt
) (/usr/local/texlive/2019/texmf-dist/tex/latex/psnfss/palatino.sty
Package: palatino 2005/04/12 PSNFSS-v9.2a (SPQR) 
)
(/usr/local/texlive/2019/texmf-dist/tex/latex/pgf/frontendlayer/tikz.sty
(/usr/local/texlive/2019/texmf-dist/tex/latex/pgf/basiclayer/pgf.sty
(/usr/local/texlive/2019/texmf-dist/tex/latex/pgf/utilities/pgfrcs.sty
(/usr/local/texlive/2019/texmf-dist/tex/generic/pgf/utilities/pgfutil-common.te
x
\pgfutil@everybye=\toks30
\pgfutil@tempdima=\dimen145
\pgfutil@tempdimb=\dimen146

(/usr/local/texlive/2019/texmf-dist/tex/generic/pgf/utilities/pgfutil-common-li
sts.tex))
(/usr/local/texlive/2019/texmf-dist/tex/generic/pgf/utilities/pgfutil-latex.def
\pgfutil@abb=\box62
) (/usr/local/texlive/2019/texmf-dist/tex/generic/pgf/utilities/pgfrcs.code.tex
(/usr/local/texlive/2019/texmf-dist/tex/generic/pgf/pgf.revision.tex)
Package: pgfrcs 2019/04/04 v3.1.2 (3.1.2)
))
Package: pgf 2019/04/04 v3.1.2 (3.1.2)

(/usr/local/texlive/2019/texmf-dist/tex/latex/pgf/basiclayer/pgfcore.sty
(/usr/local/texlive/2019/texmf-dist/tex/latex/pgf/systemlayer/pgfsys.sty
(/usr/local/texlive/2019/texmf-dist/tex/generic/pgf/systemlayer/pgfsys.code.tex
Package: pgfsys 2019/04/04 v3.1.2 (3.1.2)
(/usr/local/texlive/2019/texmf-dist/tex/generic/pgf/utilities/pgfkeys.code.tex
\pgfkeys@pathtoks=\toks31
\pgfkeys@temptoks=\toks32

(/usr/local/texlive/2019/texmf-dist/tex/generic/pgf/utilities/pgfkeysfiltered.c
ode.tex
\pgfkeys@tmptoks=\toks33
))
\pgf@x=\dimen147
\pgf@y=\dimen148
\pgf@xa=\dimen149
\pgf@ya=\dimen150
\pgf@xb=\dimen151
\pgf@yb=\dimen152
\pgf@xc=\dimen153
\pgf@yc=\dimen154
\w@pgf@writea=\write4
\r@pgf@reada=\read3
\c@pgf@counta=\count117
\c@pgf@countb=\count118
\c@pgf@countc=\count119
\c@pgf@countd=\count120
\t@pgf@toka=\toks34
\t@pgf@tokb=\toks35
\t@pgf@tokc=\toks36
\pgf@sys@id@count=\count121

(/usr/local/texlive/2019/texmf-dist/tex/generic/pgf/systemlayer/pgf.cfg
File: pgf.cfg 2019/04/04 v3.1.2 (3.1.2)
)
Driver file for pgf: pgfsys-pdftex.def

(/usr/local/texlive/2019/texmf-dist/tex/generic/pgf/systemlayer/pgfsys-pdftex.d
ef
File: pgfsys-pdftex.def 2019/04/04 v3.1.2 (3.1.2)

(/usr/local/texlive/2019/texmf-dist/tex/generic/pgf/systemlayer/pgfsys-common-p
df.def
File: pgfsys-common-pdf.def 2019/04/04 v3.1.2 (3.1.2)
)))
(/usr/local/texlive/2019/texmf-dist/tex/generic/pgf/systemlayer/pgfsyssoftpath.
code.tex
File: pgfsyssoftpath.code.tex 2019/04/04 v3.1.2 (3.1.2)
\pgfsyssoftpath@smallbuffer@items=\count122
\pgfsyssoftpath@bigbuffer@items=\count123
)
(/usr/local/texlive/2019/texmf-dist/tex/generic/pgf/systemlayer/pgfsysprotocol.
code.tex
File: pgfsysprotocol.code.tex 2019/04/04 v3.1.2 (3.1.2)
)) (/usr/local/texlive/2019/texmf-dist/tex/latex/xcolor/xcolor.sty
Package: xcolor 2016/05/11 v2.12 LaTeX color extensions (UK)

(/usr/local/texlive/2019/texmf-dist/tex/latex/graphics-cfg/color.cfg
File: color.cfg 2016/01/02 v1.6 sample color configuration
)
Package xcolor Info: Driver file: pdftex.def on input line 225.
LaTeX Info: Redefining \color on input line 709.
Package xcolor Info: Model `cmy' substituted by `cmy0' on input line 1348.
Package xcolor Info: Model `hsb' substituted by `rgb' on input line 1352.
Package xcolor Info: Model `RGB' extended on input line 1364.
Package xcolor Info: Model `HTML' substituted by `rgb' on input line 1366.
Package xcolor Info: Model `Hsb' substituted by `hsb' on input line 1367.
Package xcolor Info: Model `tHsb' substituted by `hsb' on input line 1368.
Package xcolor Info: Model `HSB' substituted by `hsb' on input line 1369.
Package xcolor Info: Model `Gray' substituted by `gray' on input line 1370.
Package xcolor Info: Model `wave' substituted by `hsb' on input line 1371.
)
(/usr/local/texlive/2019/texmf-dist/tex/generic/pgf/basiclayer/pgfcore.code.tex
Package: pgfcore 2019/04/04 v3.1.2 (3.1.2)
(/usr/local/texlive/2019/texmf-dist/tex/generic/pgf/math/pgfmath.code.tex
(/usr/local/texlive/2019/texmf-dist/tex/generic/pgf/math/pgfmathcalc.code.tex
(/usr/local/texlive/2019/texmf-dist/tex/generic/pgf/math/pgfmathutil.code.tex)
(/usr/local/texlive/2019/texmf-dist/tex/generic/pgf/math/pgfmathparser.code.tex
\pgfmath@dimen=\dimen155
\pgfmath@count=\count124
\pgfmath@box=\box63
\pgfmath@toks=\toks37
\pgfmath@stack@operand=\toks38
\pgfmath@stack@operation=\toks39
)
(/usr/local/texlive/2019/texmf-dist/tex/generic/pgf/math/pgfmathfunctions.code.
tex
(/usr/local/texlive/2019/texmf-dist/tex/generic/pgf/math/pgfmathfunctions.basic
.code.tex)
(/usr/local/texlive/2019/texmf-dist/tex/generic/pgf/math/pgfmathfunctions.trigo
nometric.code.tex)
(/usr/local/texlive/2019/texmf-dist/tex/generic/pgf/math/pgfmathfunctions.rando
m.code.tex)
(/usr/local/texlive/2019/texmf-dist/tex/generic/pgf/math/pgfmathfunctions.compa
rison.code.tex)
(/usr/local/texlive/2019/texmf-dist/tex/generic/pgf/math/pgfmathfunctions.base.
code.tex)
(/usr/local/texlive/2019/texmf-dist/tex/generic/pgf/math/pgfmathfunctions.round
.code.tex)
(/usr/local/texlive/2019/texmf-dist/tex/generic/pgf/math/pgfmathfunctions.misc.
code.tex)
(/usr/local/texlive/2019/texmf-dist/tex/generic/pgf/math/pgfmathfunctions.integ
erarithmetics.code.tex)))
(/usr/local/texlive/2019/texmf-dist/tex/generic/pgf/math/pgfmathfloat.code.tex
\c@pgfmathroundto@lastzeros=\count125
))
(/usr/local/texlive/2019/texmf-dist/tex/generic/pgf/basiclayer/pgfcorepoints.co
de.tex
File: pgfcorepoints.code.tex 2019/04/04 v3.1.2 (3.1.2)
\pgf@picminx=\dimen156
\pgf@picmaxx=\dimen157
\pgf@picminy=\dimen158
\pgf@picmaxy=\dimen159
\pgf@pathminx=\dimen160
\pgf@pathmaxx=\dimen161
\pgf@pathminy=\dimen162
\pgf@pathmaxy=\dimen163
\pgf@xx=\dimen164
\pgf@xy=\dimen165
\pgf@yx=\dimen166
\pgf@yy=\dimen167
\pgf@zx=\dimen168
\pgf@zy=\dimen169
)
(/usr/local/texlive/2019/texmf-dist/tex/generic/pgf/basiclayer/pgfcorepathconst
ruct.code.tex
File: pgfcorepathconstruct.code.tex 2019/04/04 v3.1.2 (3.1.2)
\pgf@path@lastx=\dimen170
\pgf@path@lasty=\dimen171
)
(/usr/local/texlive/2019/texmf-dist/tex/generic/pgf/basiclayer/pgfcorepathusage
.code.tex
File: pgfcorepathusage.code.tex 2019/04/04 v3.1.2 (3.1.2)
\pgf@shorten@end@additional=\dimen172
\pgf@shorten@start@additional=\dimen173
)
(/usr/local/texlive/2019/texmf-dist/tex/generic/pgf/basiclayer/pgfcorescopes.co
de.tex
File: pgfcorescopes.code.tex 2019/04/04 v3.1.2 (3.1.2)
\pgfpic=\box64
\pgf@hbox=\box65
\pgf@layerbox@main=\box66
\pgf@picture@serial@count=\count126
)
(/usr/local/texlive/2019/texmf-dist/tex/generic/pgf/basiclayer/pgfcoregraphicst
ate.code.tex
File: pgfcoregraphicstate.code.tex 2019/04/04 v3.1.2 (3.1.2)
\pgflinewidth=\dimen174
)
(/usr/local/texlive/2019/texmf-dist/tex/generic/pgf/basiclayer/pgfcoretransform
ations.code.tex
File: pgfcoretransformations.code.tex 2019/04/04 v3.1.2 (3.1.2)
\pgf@pt@x=\dimen175
\pgf@pt@y=\dimen176
\pgf@pt@temp=\dimen177
)
(/usr/local/texlive/2019/texmf-dist/tex/generic/pgf/basiclayer/pgfcorequick.cod
e.tex
File: pgfcorequick.code.tex 2019/04/04 v3.1.2 (3.1.2)
)
(/usr/local/texlive/2019/texmf-dist/tex/generic/pgf/basiclayer/pgfcoreobjects.c
ode.tex
File: pgfcoreobjects.code.tex 2019/04/04 v3.1.2 (3.1.2)
)
(/usr/local/texlive/2019/texmf-dist/tex/generic/pgf/basiclayer/pgfcorepathproce
ssing.code.tex
File: pgfcorepathprocessing.code.tex 2019/04/04 v3.1.2 (3.1.2)
)
(/usr/local/texlive/2019/texmf-dist/tex/generic/pgf/basiclayer/pgfcorearrows.co
de.tex
File: pgfcorearrows.code.tex 2019/04/04 v3.1.2 (3.1.2)
\pgfarrowsep=\dimen178
)
(/usr/local/texlive/2019/texmf-dist/tex/generic/pgf/basiclayer/pgfcoreshade.cod
e.tex
File: pgfcoreshade.code.tex 2019/04/04 v3.1.2 (3.1.2)
\pgf@max=\dimen179
\pgf@sys@shading@range@num=\count127
\pgf@shadingcount=\count128
)
(/usr/local/texlive/2019/texmf-dist/tex/generic/pgf/basiclayer/pgfcoreimage.cod
e.tex
File: pgfcoreimage.code.tex 2019/04/04 v3.1.2 (3.1.2)

(/usr/local/texlive/2019/texmf-dist/tex/generic/pgf/basiclayer/pgfcoreexternal.
code.tex
File: pgfcoreexternal.code.tex 2019/04/04 v3.1.2 (3.1.2)
\pgfexternal@startupbox=\box67
))
(/usr/local/texlive/2019/texmf-dist/tex/generic/pgf/basiclayer/pgfcorelayers.co
de.tex
File: pgfcorelayers.code.tex 2019/04/04 v3.1.2 (3.1.2)
)
(/usr/local/texlive/2019/texmf-dist/tex/generic/pgf/basiclayer/pgfcoretranspare
ncy.code.tex
File: pgfcoretransparency.code.tex 2019/04/04 v3.1.2 (3.1.2)
)
(/usr/local/texlive/2019/texmf-dist/tex/generic/pgf/basiclayer/pgfcorepatterns.
code.tex
File: pgfcorepatterns.code.tex 2019/04/04 v3.1.2 (3.1.2)
)
(/usr/local/texlive/2019/texmf-dist/tex/generic/pgf/basiclayer/pgfcorerdf.code.
tex
File: pgfcorerdf.code.tex 2019/04/04 v3.1.2 (3.1.2)
)))
(/usr/local/texlive/2019/texmf-dist/tex/generic/pgf/modules/pgfmoduleshapes.cod
e.tex
File: pgfmoduleshapes.code.tex 2019/04/04 v3.1.2 (3.1.2)
\pgfnodeparttextbox=\box68
)
(/usr/local/texlive/2019/texmf-dist/tex/generic/pgf/modules/pgfmoduleplot.code.
tex
File: pgfmoduleplot.code.tex 2019/04/04 v3.1.2 (3.1.2)
)
(/usr/local/texlive/2019/texmf-dist/tex/latex/pgf/compatibility/pgfcomp-version
-0-65.sty
Package: pgfcomp-version-0-65 2019/04/04 v3.1.2 (3.1.2)
\pgf@nodesepstart=\dimen180
\pgf@nodesepend=\dimen181
)
(/usr/local/texlive/2019/texmf-dist/tex/latex/pgf/compatibility/pgfcomp-version
-1-18.sty
Package: pgfcomp-version-1-18 2019/04/04 v3.1.2 (3.1.2)
))
(/usr/local/texlive/2019/texmf-dist/tex/latex/pgf/utilities/pgffor.sty
(/usr/local/texlive/2019/texmf-dist/tex/latex/pgf/utilities/pgfkeys.sty
(/usr/local/texlive/2019/texmf-dist/tex/generic/pgf/utilities/pgfkeys.code.tex)
) (/usr/local/texlive/2019/texmf-dist/tex/latex/pgf/math/pgfmath.sty
(/usr/local/texlive/2019/texmf-dist/tex/generic/pgf/math/pgfmath.code.tex))
(/usr/local/texlive/2019/texmf-dist/tex/generic/pgf/utilities/pgffor.code.tex
Package: pgffor 2019/04/04 v3.1.2 (3.1.2)

(/usr/local/texlive/2019/texmf-dist/tex/generic/pgf/math/pgfmath.code.tex)
\pgffor@iter=\dimen182
\pgffor@skip=\dimen183
\pgffor@stack=\toks40
\pgffor@toks=\toks41
))
(/usr/local/texlive/2019/texmf-dist/tex/generic/pgf/frontendlayer/tikz/tikz.cod
e.tex
Package: tikz 2019/04/04 v3.1.2 (3.1.2)

(/usr/local/texlive/2019/texmf-dist/tex/generic/pgf/libraries/pgflibraryplothan
dlers.code.tex
File: pgflibraryplothandlers.code.tex 2019/04/04 v3.1.2 (3.1.2)
\pgf@plot@mark@count=\count129
\pgfplotmarksize=\dimen184
)
\tikz@lastx=\dimen185
\tikz@lasty=\dimen186
\tikz@lastxsaved=\dimen187
\tikz@lastysaved=\dimen188
\tikzleveldistance=\dimen189
\tikzsiblingdistance=\dimen190
\tikz@figbox=\box69
\tikz@figbox@bg=\box70
\tikz@tempbox=\box71
\tikz@tempbox@bg=\box72
\tikztreelevel=\count130
\tikznumberofchildren=\count131
\tikznumberofcurrentchild=\count132
\tikz@fig@count=\count133

(/usr/local/texlive/2019/texmf-dist/tex/generic/pgf/modules/pgfmodulematrix.cod
e.tex
File: pgfmodulematrix.code.tex 2019/04/04 v3.1.2 (3.1.2)
\pgfmatrixcurrentrow=\count134
\pgfmatrixcurrentcolumn=\count135
\pgf@matrix@numberofcolumns=\count136
)
\tikz@expandcount=\count137

(/usr/local/texlive/2019/texmf-dist/tex/generic/pgf/frontendlayer/tikz/librarie
s/tikzlibrarytopaths.code.tex
File: tikzlibrarytopaths.code.tex 2019/04/04 v3.1.2 (3.1.2)
)))
(/usr/local/texlive/2019/texmf-dist/tex/generic/pgf/frontendlayer/tikz/librarie
s/tikzlibrarycalc.code.tex
File: tikzlibrarycalc.code.tex 2019/04/04 v3.1.2 (3.1.2)
)
(/usr/local/texlive/2019/texmf-dist/tex/generic/pgf/frontendlayer/tikz/librarie
s/tikzlibrarymatrix.code.tex
File: tikzlibrarymatrix.code.tex 2019/04/04 v3.1.2 (3.1.2)
) (./algorithmic.sty
Package: algorithmic 2009/08/24 v0.1 Document Style `algorithmic'
\c@ALC@unique=\count138
\c@ALC@line=\count139
\c@ALC@rem=\count140
\c@ALC@depth=\count141
\ALC@tlm=\skip133
\algorithmicindent=\skip134
) (./algorithm.sty
Package: algorithm 2009/08/24 v0.1 Document Style `algorithm' - floating enviro
nment

(/usr/local/texlive/2019/texmf-dist/tex/latex/float/float.sty
Package: float 2001/11/08 v1.3d Float enhancements (AL)
\c@float@type=\count142
\float@exts=\toks42
\float@box=\box73
\@float@everytoks=\toks43
\@floatcapt=\box74
)
\@float@every@algorithm=\toks44
\c@algorithm=\count143
)
(/usr/local/texlive/2019/texmf-dist/tex/latex/amsfonts/amssymb.sty
Package: amssymb 2013/01/14 v3.01 AMS font symbols

(/usr/local/texlive/2019/texmf-dist/tex/latex/amsfonts/amsfonts.sty
Package: amsfonts 2013/01/14 v3.01 Basic AMSFonts support
\symAMSa=\mathgroup5
\symAMSb=\mathgroup6
LaTeX Font Info:    Overwriting math alphabet `\mathfrak' in version `bold'
(Font)                  U/euf/m/n --> U/euf/b/n on input line 106.
))
(/usr/local/texlive/2019/texmf-dist/tex/latex/base/latexsym.sty
Package: latexsym 1998/08/17 v2.2e Standard LaTeX package (lasy symbols)
\symlasy=\mathgroup7
LaTeX Font Info:    Overwriting symbol font `lasy' in version `bold'
(Font)                  U/lasy/m/n --> U/lasy/b/n on input line 52.
)
(/usr/local/texlive/2019/texmf-dist/tex/latex/tools/multicol.sty
Package: multicol 2018/12/27 v1.8v multicolumn formatting (FMi)
\c@tracingmulticols=\count144
\mult@box=\box75
\multicol@leftmargin=\dimen191
\c@unbalance=\count145
\c@collectmore=\count146
\doublecol@number=\count147
\multicoltolerance=\count148
\multicolpretolerance=\count149
\full@width=\dimen192
\page@free=\dimen193
\premulticols=\dimen194
\postmulticols=\dimen195
\multicolsep=\skip135
\multicolbaselineskip=\skip136
\partial@page=\box76
\last@line=\box77
\maxbalancingoverflow=\dimen196
\mult@rightbox=\box78
\mult@grightbox=\box79
\mult@gfirstbox=\box80
\mult@firstbox=\box81
\@tempa=\box82
\@tempa=\box83
\@tempa=\box84
\@tempa=\box85
\@tempa=\box86
\@tempa=\box87
\@tempa=\box88
\@tempa=\box89
\@tempa=\box90
\@tempa=\box91
\@tempa=\box92
\@tempa=\box93
\@tempa=\box94
\@tempa=\box95
\@tempa=\box96
\@tempa=\box97
\@tempa=\box98
\c@columnbadness=\count150
\c@finalcolumnbadness=\count151
\last@try=\dimen197
\multicolovershoot=\dimen198
\multicolundershoot=\dimen199
\mult@nat@firstbox=\box99
\colbreak@box=\box100
\mc@col@check@num=\count152
)
(/usr/local/texlive/2019/texmf-dist/tex/latex/wasysym/wasysym.sty
Package: wasysym 2003/10/30 v2.0 Wasy-2 symbol support package
\symwasy=\mathgroup8
LaTeX Font Info:    Overwriting symbol font `wasy' in version `bold'
(Font)                  U/wasy/m/n --> U/wasy/b/n on input line 90.
)
(/usr/local/texlive/2019/texmf-dist/tex/latex/pgfplots/pgfplots.sty
(/usr/local/texlive/2019/texmf-dist/tex/generic/pgfplots/pgfplots.revision.tex)
Package: pgfplots 2018/03/28 v1.16 Data Visualization (1.16)
(/usr/local/texlive/2019/texmf-dist/tex/generic/pgfplots/pgfplots.code.tex
(/usr/local/texlive/2019/texmf-dist/tex/generic/pgfplots/pgfplotscore.code.tex
\t@pgfplots@toka=\toks45
\t@pgfplots@tokb=\toks46
\t@pgfplots@tokc=\toks47
\pgfplots@tmpa=\dimen256
\c@pgfplots@coordindex=\count153
\c@pgfplots@scanlineindex=\count154

(/usr/local/texlive/2019/texmf-dist/tex/generic/pgfplots/sys/pgfplotssysgeneric
.code.tex))
(/usr/local/texlive/2019/texmf-dist/tex/generic/pgfplots/libs/pgfplotslibrary.c
ode.tex)
(/usr/local/texlive/2019/texmf-dist/tex/generic/pgfplots/oldpgfcompatib/pgfplot
soldpgfsupp_loader.code.tex
(/usr/local/texlive/2019/texmf-dist/tex/generic/pgf/libraries/pgflibraryfpu.cod
e.tex)
Package pgfplots: loading complementary arithmetics for your pgf version...

(/usr/local/texlive/2019/texmf-dist/tex/generic/pgfplots/oldpgfcompatib/pgfplot
soldpgfsupp_pgflibraryfpu.code.tex)
(/usr/local/texlive/2019/texmf-dist/tex/generic/pgfplots/oldpgfcompatib/pgfplot
soldpgfsupp_pgfmathfloat.code.tex
\c@pgfmathroundto@lastzeros=\count155
))
(/usr/local/texlive/2019/texmf-dist/tex/generic/pgfplots/util/pgfplotsutil.code
.tex
(/usr/local/texlive/2019/texmf-dist/tex/generic/pgfplots/liststructure/pgfplots
liststructure.code.tex)
(/usr/local/texlive/2019/texmf-dist/tex/generic/pgfplots/liststructure/pgfplots
liststructureext.code.tex)
(/usr/local/texlive/2019/texmf-dist/tex/generic/pgfplots/liststructure/pgfplots
array.code.tex
\c@pgfplotsarray@tmp=\count156
)
(/usr/local/texlive/2019/texmf-dist/tex/generic/pgfplots/liststructure/pgfplots
matrix.code.tex)
(/usr/local/texlive/2019/texmf-dist/tex/generic/pgfplots/numtable/pgfplotstable
shared.code.tex
\c@pgfplotstable@counta=\count157
\t@pgfplotstable@a=\toks48
)
(/usr/local/texlive/2019/texmf-dist/tex/generic/pgfplots/liststructure/pgfplots
deque.code.tex)
(/usr/local/texlive/2019/texmf-dist/tex/generic/pgfplots/util/pgfplotsbinary.co
de.tex
(/usr/local/texlive/2019/texmf-dist/tex/generic/pgfplots/util/pgfplotsbinary.da
ta.code.tex))
(/usr/local/texlive/2019/texmf-dist/tex/generic/pgfplots/util/pgfplotsutil.verb
.code.tex)
(/usr/local/texlive/2019/texmf-dist/tex/generic/pgfplots/libs/pgflibrarypgfplot
s.surfshading.code.tex
\c@pgfplotslibrarysurf@no=\count158

(/usr/local/texlive/2019/texmf-dist/tex/generic/pgfplots/sys/pgflibrarypgfplots
.surfshading.pgfsys-pdftex.def)))
(/usr/local/texlive/2019/texmf-dist/tex/generic/pgfplots/util/pgfplotscolormap.
code.tex
(/usr/local/texlive/2019/texmf-dist/tex/generic/pgfplots/util/pgfplotscolor.cod
e.tex))
(/usr/local/texlive/2019/texmf-dist/tex/generic/pgfplots/pgfplotsstackedplots.c
ode.tex)
(/usr/local/texlive/2019/texmf-dist/tex/generic/pgfplots/pgfplotsplothandlers.c
ode.tex
(/usr/local/texlive/2019/texmf-dist/tex/generic/pgfplots/pgfplotsmeshplothandle
r.code.tex
(/usr/local/texlive/2019/texmf-dist/tex/generic/pgfplots/pgfplotsmeshplotimage.
code.tex)))
(/usr/local/texlive/2019/texmf-dist/tex/generic/pgfplots/pgfplots.scaling.code.
tex)
(/usr/local/texlive/2019/texmf-dist/tex/generic/pgfplots/pgfplotscoordprocessin
g.code.tex)
(/usr/local/texlive/2019/texmf-dist/tex/generic/pgfplots/pgfplots.errorbars.cod
e.tex)
(/usr/local/texlive/2019/texmf-dist/tex/generic/pgfplots/pgfplots.markers.code.
tex)
(/usr/local/texlive/2019/texmf-dist/tex/generic/pgfplots/pgfplotsticks.code.tex
)
(/usr/local/texlive/2019/texmf-dist/tex/generic/pgfplots/pgfplots.paths.code.te
x)
(/usr/local/texlive/2019/texmf-dist/tex/generic/pgf/frontendlayer/tikz/librarie
s/tikzlibrarydecorations.code.tex
(/usr/local/texlive/2019/texmf-dist/tex/generic/pgf/modules/pgfmoduledecoration
s.code.tex
\pgfdecoratedcompleteddistance=\dimen257
\pgfdecoratedremainingdistance=\dimen258
\pgfdecoratedinputsegmentcompleteddistance=\dimen259
\pgfdecoratedinputsegmentremainingdistance=\dimen260
\pgf@decorate@distancetomove=\dimen261
\pgf@decorate@repeatstate=\count159
\pgfdecorationsegmentamplitude=\dimen262
\pgfdecorationsegmentlength=\dimen263
)
\tikz@lib@dec@box=\box101
)
(/usr/local/texlive/2019/texmf-dist/tex/generic/pgf/frontendlayer/tikz/librarie
s/tikzlibrarydecorations.pathmorphing.code.tex
(/usr/local/texlive/2019/texmf-dist/tex/generic/pgf/libraries/decorations/pgfli
brarydecorations.pathmorphing.code.tex))
(/usr/local/texlive/2019/texmf-dist/tex/generic/pgf/frontendlayer/tikz/librarie
s/tikzlibrarydecorations.pathreplacing.code.tex
(/usr/local/texlive/2019/texmf-dist/tex/generic/pgf/libraries/decorations/pgfli
brarydecorations.pathreplacing.code.tex))
\pgfplots@numplots=\count160
\pgfplots@xmin@reg=\dimen264
\pgfplots@xmax@reg=\dimen265
\pgfplots@ymin@reg=\dimen266
\pgfplots@ymax@reg=\dimen267
\pgfplots@zmin@reg=\dimen268
\pgfplots@zmax@reg=\dimen269
)
(/usr/local/texlive/2019/texmf-dist/tex/generic/pgf/frontendlayer/tikz/librarie
s/tikzlibraryplotmarks.code.tex
File: tikzlibraryplotmarks.code.tex 2019/04/04 v3.1.2 (3.1.2)

(/usr/local/texlive/2019/texmf-dist/tex/generic/pgf/libraries/pgflibraryplotmar
ks.code.tex
File: pgflibraryplotmarks.code.tex 2019/04/04 v3.1.2 (3.1.2)
)))
(/usr/local/texlive/2019/texmf-dist/tex/generic/pgf/frontendlayer/tikz/librarie
s/tikzlibrarypositioning.code.tex
File: tikzlibrarypositioning.code.tex 2019/04/04 v3.1.2 (3.1.2)
)
(/usr/local/texlive/2019/texmf-dist/tex/generic/pgf/frontendlayer/tikz/librarie
s/tikzlibraryshadows.code.tex
File: tikzlibraryshadows.code.tex 2019/04/04 v3.1.2 (3.1.2)

(/usr/local/texlive/2019/texmf-dist/tex/generic/pgf/frontendlayer/tikz/librarie
s/tikzlibraryfadings.code.tex
File: tikzlibraryfadings.code.tex 2019/04/04 v3.1.2 (3.1.2)

(/usr/local/texlive/2019/texmf-dist/tex/generic/pgf/libraries/pgflibraryfadings
.code.tex
File: pgflibraryfadings.code.tex 2019/04/04 v3.1.2 (3.1.2)

pdfTeX warning (Object streams): \pdfobjcompresslevel > 0 requires \pdfminorver
sion > 4. Object streams disabled now.
)))
(/usr/local/texlive/2019/texmf-dist/tex/generic/pgf/frontendlayer/tikz/librarie
s/tikzlibraryarrows.code.tex
File: tikzlibraryarrows.code.tex 2019/04/04 v3.1.2 (3.1.2)

(/usr/local/texlive/2019/texmf-dist/tex/generic/pgf/libraries/pgflibraryarrows.
code.tex
File: pgflibraryarrows.code.tex 2019/04/04 v3.1.2 (3.1.2)
\arrowsize=\dimen270
)) (./lecture-challenges.aux)
\openout1 = `lecture-challenges.aux'.

LaTeX Font Info:    Checking defaults for OML/cmm/m/it on input line 74.
LaTeX Font Info:    ... okay on input line 74.
LaTeX Font Info:    Checking defaults for T1/cmr/m/n on input line 74.
LaTeX Font Info:    ... okay on input line 74.
LaTeX Font Info:    Checking defaults for OT1/cmr/m/n on input line 74.
LaTeX Font Info:    ... okay on input line 74.
LaTeX Font Info:    Checking defaults for OMS/cmsy/m/n on input line 74.
LaTeX Font Info:    ... okay on input line 74.
LaTeX Font Info:    Checking defaults for OMX/cmex/m/n on input line 74.
LaTeX Font Info:    ... okay on input line 74.
LaTeX Font Info:    Checking defaults for U/cmr/m/n on input line 74.
LaTeX Font Info:    ... okay on input line 74.
LaTeX Font Info:    Try loading font information for OT1+phv on input line 74.

(/usr/local/texlive/2019/texmf-dist/tex/latex/psnfss/ot1phv.fd
File: ot1phv.fd 2001/06/04 scalable font definitions for OT1/phv.
)
(/usr/local/texlive/2019/texmf-dist/tex/context/base/mkii/supp-pdf.mkii
[Loading MPS to PDF converter (version 2006.09.02).]
\scratchcounter=\count161
\scratchdimen=\dimen271
\scratchbox=\box102
\nofMPsegments=\count162
\nofMParguments=\count163
\everyMPshowfont=\toks49
\MPscratchCnt=\count164
\MPscratchDim=\dimen272
\MPnumerator=\count165
\makeMPintoPDFobject=\count166
\everyMPtoPDFconversion=\toks50
) (/usr/local/texlive/2019/texmf-dist/tex/latex/oberdiek/epstopdf-base.sty
Package: epstopdf-base 2016/05/15 v2.6 Base part for package epstopdf

(/usr/local/texlive/2019/texmf-dist/tex/generic/oberdiek/infwarerr.sty
Package: infwarerr 2016/05/16 v1.4 Providing info/warning/error messages (HO)
)
(/usr/local/texlive/2019/texmf-dist/tex/latex/oberdiek/grfext.sty
Package: grfext 2016/05/16 v1.2 Manage graphics extensions (HO)

(/usr/local/texlive/2019/texmf-dist/tex/generic/oberdiek/kvdefinekeys.sty
Package: kvdefinekeys 2016/05/16 v1.4 Define keys (HO)

(/usr/local/texlive/2019/texmf-dist/tex/generic/oberdiek/ltxcmds.sty
Package: ltxcmds 2016/05/16 v1.23 LaTeX kernel commands for general use (HO)
)))
(/usr/local/texlive/2019/texmf-dist/tex/latex/oberdiek/kvoptions.sty
Package: kvoptions 2016/05/16 v3.12 Key value format for package options (HO)

(/usr/local/texlive/2019/texmf-dist/tex/generic/oberdiek/kvsetkeys.sty
Package: kvsetkeys 2016/05/16 v1.17 Key value parser (HO)

(/usr/local/texlive/2019/texmf-dist/tex/generic/oberdiek/etexcmds.sty
Package: etexcmds 2016/05/16 v1.6 Avoid name clashes with e-TeX commands (HO)

(/usr/local/texlive/2019/texmf-dist/tex/generic/oberdiek/ifluatex.sty
Package: ifluatex 2016/05/16 v1.4 Provides the ifluatex switch (HO)
Package ifluatex Info: LuaTeX not detected.
))))
(/usr/local/texlive/2019/texmf-dist/tex/generic/oberdiek/pdftexcmds.sty
Package: pdftexcmds 2018/09/10 v0.29 Utility functions of pdfTeX for LuaTeX (HO
)

(/usr/local/texlive/2019/texmf-dist/tex/generic/oberdiek/ifpdf.sty
Package: ifpdf 2018/09/07 v3.3 Provides the ifpdf switch
)
Package pdftexcmds Info: LuaTeX not detected.
Package pdftexcmds Info: \pdf@primitive is available.
Package pdftexcmds Info: \pdf@ifprimitive is available.
Package pdftexcmds Info: \pdfdraftmode found.
)
Package epstopdf-base Info: Redefining graphics rule for `.eps' on input line 4
38.
Package grfext Info: Graphics extension search list:
(grfext)             [.pdf,.png,.jpg,.mps,.jpeg,.jbig2,.jb2,.PDF,.PNG,.JPG,.JPE
G,.JBIG2,.JB2,.eps]
(grfext)             \AppendGraphicsExtensions on input line 456.

(/usr/local/texlive/2019/texmf-dist/tex/latex/latexconfig/epstopdf-sys.cfg
File: epstopdf-sys.cfg 2010/07/13 v1.3 Configuration of (r)epstopdf for TeX Liv
e
))
ABD: EveryShipout initializing macros

Package pgfplots Warning: running in backwards compatibility mode (unsuitable t
ick labels; missing features). Consider writing \pgfplotsset{compat=1.16} into 
your preamble.
 on input line 74.

LaTeX Font Info:    Try loading font information for OT1+ppl on input line 74.
(/usr/local/texlive/2019/texmf-dist/tex/latex/psnfss/ot1ppl.fd
File: ot1ppl.fd 2001/06/04 font definitions for OT1/ppl.
)
LaTeX Font Info:    Font shape `OT1/ppl/bx/n' in size <29.86> not available
(Font)              Font shape `OT1/ppl/b/n' tried instead on input line 78.
LaTeX Font Info:    Try loading font information for U+msa on input line 78.

(/usr/local/texlive/2019/texmf-dist/tex/latex/amsfonts/umsa.fd
File: umsa.fd 2013/01/14 v3.01 AMS symbols A
)
LaTeX Font Info:    Try loading font information for U+msb on input line 78.

(/usr/local/texlive/2019/texmf-dist/tex/latex/amsfonts/umsb.fd
File: umsb.fd 2013/01/14 v3.01 AMS symbols B
)
LaTeX Font Info:    Try loading font information for U+wasy on input line 78.

(/usr/local/texlive/2019/texmf-dist/tex/latex/wasysym/uwasy.fd
File: uwasy.fd 2003/10/30 v2.0 Wasy-2 symbol font definitions
)

pdfTeX warning: /Library/TeX/texbin/pdflatex (file ./jhu.pdf): PDF inclusion: f
ound PDF version <1.5>, but at most version <1.3> allowed
<jhu.pdf, id=28, 37.13875pt x 40.15pt>
File: jhu.pdf Graphic file (type pdf)
<use jhu.pdf>
Package pdftex.def Info: jhu.pdf  used on input line 78.
(pdftex.def)             Requested size: 297.10925pt x 321.1991pt.
[0

{/usr/local/texlive/2019/texmf-var/fonts/map/pdftex/updmap/pdftex.map} <./jhu.p
df>]
LaTeX Font Info:    Font shape `OT1/phv/bx/n' in size <24.88> not available
(Font)              Font shape `OT1/phv/b/n' tried instead on input line 82.
<wmt16-english-german-labeled.pdf, id=47, 728.7225pt x 522.95375pt>
File: wmt16-english-german-labeled.pdf Graphic file (type pdf)
<use wmt16-english-german-labeled.pdf>
Package pdftex.def Info: wmt16-english-german-labeled.pdf  used on input line 8
5.
(pdftex.def)             Requested size: 546.54053pt x 392.21434pt.
File: jhu.pdf Graphic file (type pdf)
<use jhu.pdf>
Package pdftex.def Info: jhu.pdf  used on input line 93.
(pdftex.def)             Requested size: 297.10925pt x 321.1991pt.

Underfull \hbox (badness 10000) has occurred while \output is active
[][][]
 []

[1 <./wmt16-english-german-labeled.pdf>]
<google-near-human.png, id=73, 906.38625pt x 536.0025pt>
File: google-near-human.png Graphic file (type png)
<use google-near-human.png>
Package pdftex.def Info: google-near-human.png  used on input line 96.
(pdftex.def)             Requested size: 725.10999pt x 428.80258pt.
File: jhu.pdf Graphic file (type pdf)
<use jhu.pdf>
Package pdftex.def Info: jhu.pdf  used on input line 102.
(pdftex.def)             Requested size: 297.10925pt x 321.1991pt.

Underfull \hbox (badness 10000) has occurred while \output is active
[][][]
 []

[2 <./google-near-human.png>]
<ms-zh-parity.png, id=77, 406.51875pt x 188.705pt>
File: ms-zh-parity.png Graphic file (type png)
<use ms-zh-parity.png>
Package pdftex.def Info: ms-zh-parity.png  used on input line 105.
(pdftex.def)             Requested size: 467.49292pt x 217.00905pt.
<sdl-cracks-russian.png, id=78, 616.3025pt x 168.63pt>
File: sdl-cracks-russian.png Graphic file (type png)
<use sdl-cracks-russian.png>
Package pdftex.def Info: sdl-cracks-russian.png  used on input line 106.
(pdftex.def)             Requested size: 523.8596pt x 143.33617pt.
File: jhu.pdf Graphic file (type pdf)
<use jhu.pdf>
Package pdftex.def Info: jhu.pdf  used on input line 113.
(pdftex.def)             Requested size: 297.10925pt x 321.1991pt.

Underfull \hbox (badness 10000) has occurred while \output is active
[][][]
 []

[3 <./ms-zh-parity.png> <./sdl-cracks-russian.png>]
<nmt-adequacy-fluency-wmt16.png, id=84, 1041.8925pt x 405.01312pt>
File: nmt-adequacy-fluency-wmt16.png Graphic file (type png)
<use nmt-adequacy-fluency-wmt16.png>
Package pdftex.def Info: nmt-adequacy-fluency-wmt16.png  used on input line 116
.
(pdftex.def)             Requested size: 711.3189pt x 276.51149pt.
File: jhu.pdf Graphic file (type pdf)
<use jhu.pdf>
Package pdftex.def Info: jhu.pdf  used on input line 123.
(pdftex.def)             Requested size: 297.10925pt x 321.1991pt.

Underfull \hbox (badness 10000) has occurred while \output is active
[][][]
 []

[4 <./nmt-adequacy-fluency-wmt16.png>]
File: jhu.pdf Graphic file (type pdf)
<use jhu.pdf>
Package pdftex.def Info: jhu.pdf  used on input line 140.
(pdftex.def)             Requested size: 297.10925pt x 321.1991pt.

Underfull \hbox (badness 10000) has occurred while \output is active
[][][]
 []

[5]
File: jhu.pdf Graphic file (type pdf)
<use jhu.pdf>
Package pdftex.def Info: jhu.pdf  used on input line 149.
(pdftex.def)             Requested size: 297.10925pt x 321.1991pt.

Underfull \hbox (badness 10000) has occurred while \output is active
[][][]
 []

[6]
File: jhu.pdf Graphic file (type pdf)
<use jhu.pdf>
Package pdftex.def Info: jhu.pdf  used on input line 248.
(pdftex.def)             Requested size: 297.10925pt x 321.1991pt.

Underfull \hbox (badness 10000) has occurred while \output is active
[][][]
 []

[7]
Underfull \hbox (badness 2318) in paragraph at lines 254--254
[]|\OT1/ppl/m/n/20.74 Explosi[]on realiza una estrategia divisiva de luchar con
tra las
 []

File: jhu.pdf Graphic file (type pdf)
<use jhu.pdf>
Package pdftex.def Info: jhu.pdf  used on input line 263.
(pdftex.def)             Requested size: 297.10925pt x 321.1991pt.

Underfull \hbox (badness 10000) has occurred while \output is active
[][][]
 []

[8]
File: jhu.pdf Graphic file (type pdf)
<use jhu.pdf>
Package pdftex.def Info: jhu.pdf  used on input line 272.
(pdftex.def)             Requested size: 297.10925pt x 321.1991pt.

Underfull \hbox (badness 10000) has occurred while \output is active
[][][]
 []

[9]
LaTeX Font Info:    Font shape `OT1/phv/bx/n' in size <20.74> not available
(Font)              Font shape `OT1/phv/b/n' tried instead on input line 283.
File: jhu.pdf Graphic file (type pdf)
<use jhu.pdf>
Package pdftex.def Info: jhu.pdf  used on input line 296.
(pdftex.def)             Requested size: 297.10925pt x 321.1991pt.

Underfull \hbox (badness 10000) has occurred while \output is active
[][][]
 []

[10]
LaTeX Font Info:    Try loading font information for OMS+ppl on input line 308.

 (/usr/local/texlive/2019/texmf-dist/tex/latex/psnfss/omsppl.fd
File: omsppl.fd 
)
LaTeX Font Info:    Font shape `OMS/ppl/m/n' in size <20.74> not available
(Font)              Font shape `OMS/cmsy/m/n' tried instead on input line 308.
File: jhu.pdf Graphic file (type pdf)
<use jhu.pdf>
Package pdftex.def Info: jhu.pdf  used on input line 319.
(pdftex.def)             Requested size: 297.10925pt x 321.1991pt.

Underfull \hbox (badness 10000) has occurred while \output is active
[][][]
 []

[11]
File: jhu.pdf Graphic file (type pdf)
<use jhu.pdf>
Package pdftex.def Info: jhu.pdf  used on input line 328.
(pdftex.def)             Requested size: 297.10925pt x 321.1991pt.

Underfull \hbox (badness 10000) has occurred while \output is active
[][][]
 []

[12]

Package xcolor Warning: Incompatible color definition on input line 333.

File: jhu.pdf Graphic file (type pdf)
<use jhu.pdf>
Package pdftex.def Info: jhu.pdf  used on input line 343.
(pdftex.def)             Requested size: 297.10925pt x 321.1991pt.

Underfull \hbox (badness 10000) has occurred while \output is active
[][][]
 []

[13]

Package xcolor Warning: Incompatible color definition on input line 350.

File: jhu.pdf Graphic file (type pdf)
<use jhu.pdf>
Package pdftex.def Info: jhu.pdf  used on input line 362.
(pdftex.def)             Requested size: 297.10925pt x 321.1991pt.

Underfull \hbox (badness 10000) has occurred while \output is active
[][][]
 []

[14]
Overfull \hbox (19.36285pt too wide) in paragraph at lines 478--479
 [][] 
 []

File: jhu.pdf Graphic file (type pdf)
<use jhu.pdf>
Package pdftex.def Info: jhu.pdf  used on input line 486.
(pdftex.def)             Requested size: 297.10925pt x 321.1991pt.

Underfull \hbox (badness 10000) has occurred while \output is active
[][][]
 []

[15]
File: jhu.pdf Graphic file (type pdf)
<use jhu.pdf>
Package pdftex.def Info: jhu.pdf  used on input line 495.
(pdftex.def)             Requested size: 297.10925pt x 321.1991pt.

Underfull \hbox (badness 10000) has occurred while \output is active
[][][]
 []

[16]
File: jhu.pdf Graphic file (type pdf)
<use jhu.pdf>
Package pdftex.def Info: jhu.pdf  used on input line 681.
(pdftex.def)             Requested size: 297.10925pt x 321.1991pt.

Underfull \hbox (badness 10000) has occurred while \output is active
[][][]
 []

[17]
File: jhu.pdf Graphic file (type pdf)
<use jhu.pdf>
Package pdftex.def Info: jhu.pdf  used on input line 881.
(pdftex.def)             Requested size: 297.10925pt x 321.1991pt.

Underfull \hbox (badness 10000) has occurred while \output is active
[][][]
 []

[18]
File: jhu.pdf Graphic file (type pdf)
<use jhu.pdf>
Package pdftex.def Info: jhu.pdf  used on input line 890.
(pdftex.def)             Requested size: 297.10925pt x 321.1991pt.

Underfull \hbox (badness 10000) has occurred while \output is active
[][][]
 []

[19]
File: jhu.pdf Graphic file (type pdf)
<use jhu.pdf>
Package pdftex.def Info: jhu.pdf  used on input line 968.
(pdftex.def)             Requested size: 297.10925pt x 321.1991pt.

Underfull \hbox (badness 10000) has occurred while \output is active
[][][]
 []

[20]
File: jhu.pdf Graphic file (type pdf)
<use jhu.pdf>
Package pdftex.def Info: jhu.pdf  used on input line 977.
(pdftex.def)             Requested size: 297.10925pt x 321.1991pt.

Underfull \hbox (badness 10000) has occurred while \output is active
[][][]
 []

[21]
<noise-paracrawl.png, id=148, 650.43pt x 125.7498pt>
File: noise-paracrawl.png Graphic file (type png)
<use noise-paracrawl.png>
Package pdftex.def Info: noise-paracrawl.png  used on input line 990.
(pdftex.def)             Requested size: 650.4284pt x 125.74948pt.
File: jhu.pdf Graphic file (type pdf)
<use jhu.pdf>
Package pdftex.def Info: jhu.pdf  used on input line 1001.
(pdftex.def)             Requested size: 297.10925pt x 321.1991pt.

Underfull \hbox (badness 10000) has occurred while \output is active
[][][]
 []

[22 <./noise-paracrawl.png>]
File: jhu.pdf Graphic file (type pdf)
<use jhu.pdf>
Package pdftex.def Info: jhu.pdf  used on input line 1061.
(pdftex.def)             Requested size: 297.10925pt x 321.1991pt.

Underfull \hbox (badness 10000) has occurred while \output is active
[][][]
 []

[23]
File: jhu.pdf Graphic file (type pdf)
<use jhu.pdf>
Package pdftex.def Info: jhu.pdf  used on input line 1082.
(pdftex.def)             Requested size: 297.10925pt x 321.1991pt.

Underfull \hbox (badness 10000) has occurred while \output is active
[][][]
 []

[24]
Overfull \hbox (2.22511pt too wide) in paragraph at lines 1087--1102
 [] 
 []

File: jhu.pdf Graphic file (type pdf)
<use jhu.pdf>
Package pdftex.def Info: jhu.pdf  used on input line 1109.
(pdftex.def)             Requested size: 297.10925pt x 321.1991pt.

Underfull \hbox (badness 10000) has occurred while \output is active
[][][]
 []

[25]
File: jhu.pdf Graphic file (type pdf)
<use jhu.pdf>
Package pdftex.def Info: jhu.pdf  used on input line 1132.
(pdftex.def)             Requested size: 297.10925pt x 321.1991pt.

Underfull \hbox (badness 10000) has occurred while \output is active
[][][]
 []

[26]
File: jhu.pdf Graphic file (type pdf)
<use jhu.pdf>
Package pdftex.def Info: jhu.pdf  used on input line 1159.
(pdftex.def)             Requested size: 297.10925pt x 321.1991pt.

Underfull \hbox (badness 10000) has occurred while \output is active
[][][]
 []

[27]
File: jhu.pdf Graphic file (type pdf)
<use jhu.pdf>
Package pdftex.def Info: jhu.pdf  used on input line 1183.
(pdftex.def)             Requested size: 297.10925pt x 321.1991pt.

Underfull \hbox (badness 10000) has occurred while \output is active
[][][]
 []

[28]
File: jhu.pdf Graphic file (type pdf)
<use jhu.pdf>
Package pdftex.def Info: jhu.pdf  used on input line 1192.
(pdftex.def)             Requested size: 297.10925pt x 321.1991pt.

Underfull \hbox (badness 10000) has occurred while \output is active
[][][]
 []

[29]
File: jhu.pdf Graphic file (type pdf)
<use jhu.pdf>
Package pdftex.def Info: jhu.pdf  used on input line 1206.
(pdftex.def)             Requested size: 297.10925pt x 321.1991pt.

Underfull \hbox (badness 10000) has occurred while \output is active
[][][]
 []

[30]
LaTeX Font Info:    Try loading font information for OT1+txtt on input line 120
9.
 (/usr/local/texlive/2019/texmf-dist/tex/latex/txfonts/ot1txtt.fd
File: ot1txtt.fd 2000/12/15 v3.1
)
File: jhu.pdf Graphic file (type pdf)
<use jhu.pdf>
Package pdftex.def Info: jhu.pdf  used on input line 1225.
(pdftex.def)             Requested size: 297.10925pt x 321.1991pt.

Underfull \hbox (badness 10000) has occurred while \output is active
[][][]
 []

[31]

Package xcolor Warning: Incompatible color definition on input line 1232.


Package xcolor Warning: Incompatible color definition on input line 1239.

File: jhu.pdf Graphic file (type pdf)
<use jhu.pdf>
Package pdftex.def Info: jhu.pdf  used on input line 1250.
(pdftex.def)             Requested size: 297.10925pt x 321.1991pt.

Underfull \hbox (badness 10000) has occurred while \output is active
[][][]
 []

[32]
File: jhu.pdf Graphic file (type pdf)
<use jhu.pdf>
Package pdftex.def Info: jhu.pdf  used on input line 1257.
(pdftex.def)             Requested size: 297.10925pt x 321.1991pt.

Underfull \hbox (badness 10000) has occurred while \output is active
[][][]
 []

[33] (./lecture-challenges.aux) ) 
Here is how much of TeX's memory you used:
 26091 strings out of 492616
 654493 string characters out of 6129482
 836277 words of memory out of 5000000
 29499 multiletter control sequences out of 15000+600000
 23504 words of font info for 68 fonts, out of 8000000 for 9000
 1141 hyphenation exceptions out of 8191
 62i,17n,96p,1340b,2234s stack positions out of 5000i,500n,10000p,200000b,80000s
{/usr/local/texlive/2019/texmf-dist/fonts/enc/
dvips/base/8r.enc}</usr/local/texlive/2019/texmf-dist/fonts/type1/public/amsfon
ts/cm/cmmi10.pfb></usr/local/texlive/2019/texmf-dist/fonts/type1/public/amsfont
s/cm/cmmi7.pfb></usr/local/texlive/2019/texmf-dist/fonts/type1/public/amsfonts/
cm/cmr10.pfb></usr/local/texlive/2019/texmf-dist/fonts/type1/public/amsfonts/cm
/cmr7.pfb></usr/local/texlive/2019/texmf-dist/fonts/type1/public/amsfonts/cm/cm
sy10.pfb></usr/local/texlive/2019/texmf-dist/fonts/type1/public/txfonts/txtt.pf
b></usr/local/texlive/2019/texmf-dist/fonts/type1/urw/helvetic/uhvb8a.pfb></usr
/local/texlive/2019/texmf-dist/fonts/type1/urw/helvetic/uhvr8a.pfb></usr/local/
texlive/2019/texmf-dist/fonts/type1/urw/palatino/uplb8a.pfb></usr/local/texlive
/2019/texmf-dist/fonts/type1/urw/palatino/uplr8a.pfb></usr/local/texlive/2019/t
exmf-dist/fonts/type1/urw/palatino/uplr8a.pfb>
Output written on lecture-challenges.pdf (34 pages, 995501 bytes).
PDF statistics:
 224 PDF objects out of 1000 (max. 8388607)
 0 named destinations out of 1000 (max. 500000)
 144 words of extra memory for PDF output out of 10000 (max. 10000000)

